<?xml version="1.0" encoding="UTF-8"?>
<!-- Generated by org.testng.reporters.JUnitReportReporter -->
<testsuite skipped="0" hostname="ZMO-WIN-AmrutaV-01" name="amruta.Mavenjava.SeleniumTest" tests="2" failures="0" timestamp="2021-12-01T16:58:16 IST" time="0.004" errors="0">
  <testcase name="elementUI" time="0.000" classname="amruta.Mavenjava.SeleniumTest"/>
  <system-out/>
  <testcase name="BrowserAutomation" time="0.004" classname="amruta.Mavenjava.SeleniumTest"/>
  <system-out/>
</testsuite> <!-- amruta.Mavenjava.SeleniumTest -->
