<?xml version="1.0" encoding="UTF-8"?>
<!-- Generated by org.testng.reporters.JUnitReportReporter -->
<testsuite skipped="0" hostname="ZMO-WIN-AmrutaV-01" name="amruta.Mavenjava.RESTAPITest" tests="2" failures="0" timestamp="2021-12-01T16:58:16 IST" time="0.002" errors="0">
  <testcase name="deleteTwitter" time="0.000" classname="amruta.Mavenjava.RESTAPITest"/>
  <system-out/>
  <testcase name="postJira" time="0.002" classname="amruta.Mavenjava.RESTAPITest"/>
  <system-out/>
</testsuite> <!-- amruta.Mavenjava.RESTAPITest -->
