<?xml version="1.0" encoding="UTF-8"?>
<!-- Generated by org.testng.reporters.JUnitReportReporter -->
<testsuite skipped="0" hostname="ZMO-WIN-AmrutaV-01" name="amruta.Mavenjava.AppTest" tests="1" failures="0" timestamp="2021-12-01T15:47:51 IST" time="0.002" errors="0">
  <testcase name="shouldAnswerWithTrue" time="0.002" classname="amruta.Mavenjava.AppTest"/>
  <system-out/>
</testsuite> <!-- amruta.Mavenjava.AppTest -->
