<?xml version="1.0" encoding="UTF-8"?>
<!-- Generated by org.testng.reporters.JUnitReportReporter -->
<testsuite skipped="0" hostname="ZMO-WIN-AmrutaV-01" name="amruta.Mavenjava.AppiumTest" tests="2" failures="0" timestamp="2021-12-01T16:57:55 IST" time="0.001" errors="0">
  <testcase name="IOSApp" time="0.000" classname="amruta.Mavenjava.AppiumTest"/>
  <system-out/>
  <testcase name="nativeAppAndroid" time="0.001" classname="amruta.Mavenjava.AppiumTest"/>
  <system-out/>
</testsuite> <!-- amruta.Mavenjava.AppiumTest -->
